<?xml version="1.0" encoding="UTF-8"?>
<testsuite name="com.example.ATMApplicationTest" tests="1" skipped="0" failures="0" errors="0" timestamp="2021-09-17T20:31:03" hostname="LAPTOP-S41ONJT4" time="0.134">
  <properties/>
  <testcase name="Get name, balance, owed balance" classname="com.example.ATMApplicationTest" time="0.134"/>
  <system-out><![CDATA[]]></system-out>
  <system-err><![CDATA[]]></system-err>
</testsuite>
