<?xml version="1.0" encoding="UTF-8"?>
<testsuite name="com.example.UtilsTest" tests="8" skipped="0" failures="0" errors="0" timestamp="2021-09-18T00:36:15" hostname="LAPTOP-S41ONJT4" time="0.032">
  <properties/>
  <testcase name="Verify message current balance" classname="com.example.UtilsTest" time="0.002"/>
  <testcase name="Verify invalid number" classname="com.example.UtilsTest" time="0.002"/>
  <testcase name="Verify message owed to" classname="com.example.UtilsTest" time="0.002"/>
  <testcase name="Verify message goodbye" classname="com.example.UtilsTest" time="0.003"/>
  <testcase name="Verify message hello" classname="com.example.UtilsTest" time="0.002"/>
  <testcase name="Verify message transfer" classname="com.example.UtilsTest" time="0.003"/>
  <testcase name="Verify message owed from" classname="com.example.UtilsTest" time="0.003"/>
  <testcase name="Verify valid number" classname="com.example.UtilsTest" time="0.003"/>
  <system-out><![CDATA[]]></system-out>
  <system-err><![CDATA[]]></system-err>
</testsuite>
